<?xml version="1.0" encoding="UTF-8"?>
<robot generator="Robot 7.0.1 (Python 3.12.3 on win32)" generated="2026-05-23T03:15:36.979708" rpa="false" schemaversion="5">
<suite id="s1" name="1-Confirmed" source="C:\Users\Elvis\OneDrive\Área de Trabalho\GenIA-E2ETest-Web\GenIAE2ETest\backend\robot\1-confirmed.robot">
<test id="s1-t1" name="Login User with Incorrect Email and Password" line="5">
<kw name="Open Browser" owner="SeleniumLibrary">
<msg time="2026-05-23T03:15:37.309972" level="INFO">Opening browser 'Chrome' to base url 'https://automationexercise.com/'.</msg>
<arg>https://automationexercise.com/</arg>
<arg>Chrome</arg>
<doc>Opens a new browser instance to the optional ``url``.</doc>
<status status="PASS" start="2026-05-23T03:15:37.309531" elapsed="30.655645"/>
</kw>
<kw name="Maximize Browser Window" owner="SeleniumLibrary">
<doc>Maximizes current browser window.</doc>
<status status="PASS" start="2026-05-23T03:16:07.966427" elapsed="0.039863"/>
</kw>
<kw name="Sleep" owner="BuiltIn">
<msg time="2026-05-23T03:16:38.007831" level="INFO">Slept 30 seconds.</msg>
<arg>30s</arg>
<doc>Pauses the test executed for the given time.</doc>
<status status="PASS" start="2026-05-23T03:16:08.007289" elapsed="30.000542"/>
</kw>
<kw name="Click Element" owner="SeleniumLibrary">
<msg time="2026-05-23T03:16:38.010635" level="INFO">Clicking element 'xpath=//*[@id='header']//a[contains(text(), 'Signup / Login')]'.</msg>
<msg time="2026-05-23T03:16:39.206062" level="INFO" html="true">&lt;/td&gt;&lt;/tr&gt;&lt;tr&gt;&lt;td colspan="3"&gt;&lt;a href="selenium-screenshot-1.png"&gt;&lt;img src="selenium-screenshot-1.png" width="800px"&gt;&lt;/a&gt;</msg>
<msg time="2026-05-23T03:16:39.206062" level="FAIL">Element with locator 'xpath=//*[@id='header']//a[contains(text(), 'Signup / Login')]' not found.</msg>
<arg>xpath=//*[@id='header']//a[contains(text(), 'Signup / Login')]</arg>
<doc>Click the element identified by ``locator``.</doc>
<status status="FAIL" start="2026-05-23T03:16:38.008846" elapsed="1.251256">Element with locator 'xpath=//*[@id='header']//a[contains(text(), 'Signup / Login')]' not found.</status>
</kw>
<kw name="Wait Until Page Contains Element" owner="SeleniumLibrary">
<arg>xpath=//*[@id='email']</arg>
<doc>Waits until the element ``locator`` appears on the current page.</doc>
<status status="NOT RUN" start="2026-05-23T03:16:39.260102" elapsed="0.000000"/>
</kw>
<kw name="Input Text" owner="SeleniumLibrary">
<arg>xpath=//*[@id='email']</arg>
<arg>invalid_email@example.com</arg>
<doc>Types the given ``text`` into the text field identified by ``locator``.</doc>
<status status="NOT RUN" start="2026-05-23T03:16:39.260102" elapsed="0.000000"/>
</kw>
<kw name="Input Text" owner="SeleniumLibrary">
<arg>xpath=//*[@id='password']</arg>
<arg>wrong_password</arg>
<doc>Types the given ``text`` into the text field identified by ``locator``.</doc>
<status status="NOT RUN" start="2026-05-23T03:16:39.260102" elapsed="0.000000"/>
</kw>
<kw name="Click Element" owner="SeleniumLibrary">
<arg>xpath=//*[@id='loginButton']</arg>
<doc>Click the element identified by ``locator``.</doc>
<status status="NOT RUN" start="2026-05-23T03:16:39.275340" elapsed="0.000000"/>
</kw>
<kw name="Wait Until Page Contains Element" owner="SeleniumLibrary">
<arg>xpath=//*[@id='error-message']</arg>
<doc>Waits until the element ``locator`` appears on the current page.</doc>
<status status="NOT RUN" start="2026-05-23T03:16:39.275340" elapsed="0.000000"/>
</kw>
<kw name="Element Should Be Visible" owner="SeleniumLibrary">
<arg>xpath=//*[@id='error-message']</arg>
<arg>Your email or password is incorrect!</arg>
<doc>Verifies that the element identified by ``locator`` is visible.</doc>
<status status="NOT RUN" start="2026-05-23T03:16:39.276379" elapsed="0.000000"/>
</kw>
<kw name="Close Browser" owner="SeleniumLibrary">
<doc>Closes the current browser.</doc>
<status status="NOT RUN" start="2026-05-23T03:16:39.276944" elapsed="0.000000"/>
</kw>
<status status="FAIL" start="2026-05-23T03:15:37.308051" elapsed="61.968893">Element with locator 'xpath=//*[@id='header']//a[contains(text(), 'Signup / Login')]' not found.</status>
</test>
<status status="FAIL" start="2026-05-23T03:15:36.979708" elapsed="62.297236"/>
</suite>
<statistics>
<total>
<stat pass="0" fail="1" skip="0">All Tests</stat>
</total>
<tag>
</tag>
<suite>
<stat pass="0" fail="1" skip="0" id="s1" name="1-Confirmed">1-Confirmed</stat>
</suite>
</statistics>
<errors>
</errors>
</robot>
